2016-01-18 12:14:36,220 [806] INFO  PhenixTools.Logger.SimplexLogger [(null)] - Hello there
2016-01-18 12:14:37,263 [806] INFO  PhenixTools.Logger.SimplexLogger [(null)] - C:\Users\tzaman\AppData\Local\Temp\Temporary ASP.NET Files\vs\9f15a872\324e0d1c\assembly\dl3\da042abd\5b2c9e9e_1352d101
2016-01-18 12:36:02,443 [5] INFO  PhenixTools.Logger.SimplexLogger [(null)] - Hello there
2016-01-18 12:36:04,537 [5] INFO  PhenixTools.Logger.SimplexLogger [(null)] - Assembly executing in C:\Users\tzaman\AppData\Local\Temp\Temporary ASP.NET Files\vs\9f15a872\324e0d1c\assembly\dl3\da042abd\bf6cd89c_1652d101
2016-01-18 12:36:28,657 [5] INFO  PhenixTools.Logger.SimplexLogger [(null)] - DataDirectory is  C:\SourceCode\Simplex\VS2015\Kendo.Mvc.Examples\App_Data
2016-01-18 12:37:41,402 [7] INFO  PhenixTools.Logger.SimplexLogger [(null)] - Hello there
2016-01-18 12:37:41,430 [7] INFO  PhenixTools.Logger.SimplexLogger [(null)] - Assembly executing in C:\Users\tzaman\AppData\Local\Temp\Temporary ASP.NET Files\vs\9f15a872\324e0d1c\assembly\dl3\da042abd\bf6cd89c_1652d101
2016-01-18 12:37:41,431 [7] INFO  PhenixTools.Logger.SimplexLogger [(null)] - DataDirectory is  C:\SourceCode\Simplex\VS2015\Kendo.Mvc.Examples\App_Data
2016-01-18 12:53:49,078 [12] INFO  PhenixTools.Logger.SimplexLogger [(null)] - Hello there
2016-01-18 12:53:49,106 [12] INFO  PhenixTools.Logger.SimplexLogger [(null)] - Assembly executing in C:\Users\tzaman\AppData\Local\Temp\Temporary ASP.NET Files\vs\9f15a872\324e0d1c\assembly\dl3\da042abd\088cc221_1952d101
2016-01-18 12:53:49,108 [12] INFO  PhenixTools.Logger.SimplexLogger [(null)] - DataDirectory is  C:\SourceCode\Simplex\VS2015\Kendo.Mvc.Examples\App_Data
2016-01-18 13:03:33,626 [28] INFO  PhenixTools.Logger.SimplexLogger [(null)] - Hello there
2016-01-18 13:03:33,651 [28] INFO  PhenixTools.Logger.SimplexLogger [(null)] - Assembly executing in C:\Users\tzaman\AppData\Local\Temp\Temporary ASP.NET Files\vs\9f15a872\324e0d1c\assembly\dl3\da042abd\bd5b07bd_1952d101
2016-01-18 13:03:33,652 [28] INFO  PhenixTools.Logger.SimplexLogger [(null)] - DataDirectory is  C:\SourceCode\Simplex\VS2015\Kendo.Mvc.Examples\App_Data
2016-01-18 14:31:52,189 [7] INFO  Kendo.Mvc.Examples.Controllers.ListViewController [(null)] - Hello there with out tool
2016-01-18 14:31:52,280 [7] INFO  Kendo.Mvc.Examples.Controllers.ListViewController [(null)] - Assembly executing in C:\Users\tzaman\AppData\Local\Temp\Temporary ASP.NET Files\vs\9f15a872\324e0d1c\assembly\dl3\da042abd\7b736ac6_2652d101
2016-01-18 14:31:52,281 [7] INFO  Kendo.Mvc.Examples.Controllers.ListViewController [(null)] - DataDirectory is  C:\SourceCode\Simplex\VS2015\Kendo.Mvc.Examples\App_Data
2016-01-18 14:45:37,547 [5] INFO  Kendo.Mvc.Examples.Controllers.ListViewController [(null)] - Hello there with out tool
2016-01-18 14:45:37,602 [5] INFO  Kendo.Mvc.Examples.Controllers.ListViewController [(null)] - Assembly executing in C:\Users\tzaman\AppData\Local\Temp\Temporary ASP.NET Files\vs\0dc55ef6\ee56866f\assembly\dl3\91bfeab4\23b9bab5_2852d101
2016-01-18 14:45:37,603 [5] INFO  Kendo.Mvc.Examples.Controllers.ListViewController [(null)] - DataDirectory is  C:\SourceCode\Simplex\AMZ\AmzWeb\App_Data
2016-01-18 16:31:40,983 [23] INFO  Kendo.Mvc.Examples.Controllers.ListViewController [(null)] - Hello there with out tool
2016-01-18 16:31:41,071 [23] INFO  Kendo.Mvc.Examples.Controllers.ListViewController [(null)] - Assembly executing in C:\Users\tzaman\AppData\Local\Temp\Temporary ASP.NET Files\vs\0dc55ef6\ee56866f\assembly\dl3\91bfeab4\ca38c11a_3752d101
2016-01-18 16:31:41,072 [23] INFO  Kendo.Mvc.Examples.Controllers.ListViewController [(null)] - DataDirectory is  C:\SourceCode\Simplex\AMZ\AmzWeb\App_Data
2016-01-18 16:31:53,447 [5] INFO  Kendo.Mvc.Examples.Controllers.ListViewController [(null)] - Hello there with out tool
2016-01-18 16:31:53,449 [5] INFO  Kendo.Mvc.Examples.Controllers.ListViewController [(null)] - Assembly executing in C:\Users\tzaman\AppData\Local\Temp\Temporary ASP.NET Files\vs\0dc55ef6\ee56866f\assembly\dl3\91bfeab4\ca38c11a_3752d101
2016-01-18 16:31:53,451 [5] INFO  Kendo.Mvc.Examples.Controllers.ListViewController [(null)] - DataDirectory is  C:\SourceCode\Simplex\AMZ\AmzWeb\App_Data
